#
# There is insufficient memory for the Java Runtime Environment to continue.
# Native memory allocation (malloc) failed to allocate 1152336 bytes for Chunk::new
# Possible reasons:
#   The system is out of physical RAM or swap space
#   The process is running with CompressedOops enabled, and the Java Heap may be blocking the growth of the native heap
# Possible solutions:
#   Reduce memory load on the system
#   Increase physical memory or swap space
#   Check if swap backing store is full
#   Decrease Java heap size (-Xmx/-Xms)
#   Decrease number of Java threads
#   Decrease Java thread stack sizes (-Xss)
#   Set larger code cache with -XX:ReservedCodeCacheSize=
#   JVM is running with Unscaled Compressed Oops mode in which the Java heap is
#     placed in the first 4GB address space. The Java Heap base address is the
#     maximum limit for the native heap growth. Please use -XX:HeapBaseMinAddress
#     to set the Java Heap base and to place the Java Heap above 4GB virtual address.
# This output file may be truncated or incomplete.
#
#  Out of Memory Error (allocation.cpp:389), pid=13784, tid=0x0000000000005288
#
# JRE version: OpenJDK Runtime Environment (8.0_212-b04) (build 1.8.0_212-release-1586-b04)
# Java VM: OpenJDK 64-Bit Server VM (25.212-b04 mixed mode windows-amd64 compressed oops)
# Failed to write core dump. Minidumps are not enabled by default on client versions of Windows
#

---------------  T H R E A D  ---------------

Current thread (0x000000001880b000):  JavaThread "C2 CompilerThread2" daemon [_thread_in_native, id=21128, stack(0x0000000019200000,0x0000000019300000)]

Stack: [0x0000000019200000,0x0000000019300000]
[error occurred during error reporting (printing stack bounds), id 0xc0000005]

Native frames: (J=compiled Java code, j=interpreted, Vv=VM code, C=native code)


Current CompileTask:
C2:3148656 25724       4       com.android.ide.common.resources.NodeUtils::duplicateNode (315 bytes)


---------------  P R O C E S S  ---------------

Java Threads: ( => current thread )
  0x000000001ed73000 JavaThread "Cache worker for execution history cache (C:\Users\user\Desktop\show_me_the_town\DongKey2\.gradle\5.6.4\executionHistory)" [_thread_blocked, id=21496, stack(0x0000000028b20000,0x0000000028c20000)]
  0x000000001ed6b800 JavaThread "Execution worker for ':' Thread 7" [_thread_blocked, id=29480, stack(0x0000000028780000,0x0000000028880000)]
  0x000000001ed71800 JavaThread "Execution worker for ':' Thread 6" [_thread_blocked, id=7588, stack(0x0000000028680000,0x0000000028780000)]
  0x000000001ed71000 JavaThread "Execution worker for ':' Thread 5" [_thread_in_Java, id=14468, stack(0x0000000028580000,0x0000000028680000)]
  0x000000001ed72800 JavaThread "Execution worker for ':' Thread 4" [_thread_blocked, id=27728, stack(0x0000000028480000,0x0000000028580000)]
  0x000000001ed6f800 JavaThread "Execution worker for ':' Thread 3" [_thread_blocked, id=15296, stack(0x0000000028380000,0x0000000028480000)]
  0x000000001ed6b000 JavaThread "Execution worker for ':' Thread 2" [_thread_blocked, id=8816, stack(0x0000000028280000,0x0000000028380000)]
  0x000000001ed6e800 JavaThread "Execution worker for ':'" [_thread_blocked, id=3712, stack(0x0000000028180000,0x0000000028280000)]
  0x000000001ed70000 JavaThread "Cache worker for file content cache (C:\Users\user\Desktop\show_me_the_town\DongKey2\.gradle\5.6.4\fileContent)" [_thread_blocked, id=28440, stack(0x0000000027e90000,0x0000000027f90000)]
  0x000000001ed6d000 JavaThread "Cache worker for Build Output Cleanup Cache (C:\Users\user\Desktop\show_me_the_town\DongKey2\.gradle\buildOutputCleanup)" [_thread_blocked, id=20224, stack(0x0000000027d90000,0x0000000027e90000)]
  0x000000001ed6e000 JavaThread "Build operations Thread 8" [_thread_blocked, id=26488, stack(0x0000000027c90000,0x0000000027d90000)]
  0x000000001ed6a000 JavaThread "Build operations Thread 7" [_thread_blocked, id=9676, stack(0x0000000027390000,0x0000000027490000)]
  0x000000001ed6c800 JavaThread "Build operations Thread 6" [_thread_blocked, id=21292, stack(0x0000000027290000,0x0000000027390000)]
  0x0000000022990000 JavaThread "Build operations Thread 5" [_thread_blocked, id=6304, stack(0x0000000026ad0000,0x0000000026bd0000)]
  0x000000002298f800 JavaThread "Build operations Thread 4" [_thread_blocked, id=25044, stack(0x00000000249e0000,0x0000000024ae0000)]
  0x000000002298e800 JavaThread "Build operations Thread 3" [_thread_blocked, id=22804, stack(0x00000000244e0000,0x00000000245e0000)]
  0x000000002298d000 JavaThread "Build operations Thread 2" [_thread_blocked, id=16232, stack(0x0000000023200000,0x0000000023300000)]
  0x0000000022985800 JavaThread "Build operations" [_thread_blocked, id=16344, stack(0x0000000023100000,0x0000000023200000)]
  0x000000002298b000 JavaThread "Cache worker for cache directory md-rule (C:\Users\user\.gradle\caches\5.6.4\md-rule)" [_thread_blocked, id=26236, stack(0x0000000023000000,0x0000000023100000)]
  0x000000002298c800 JavaThread "Cache worker for cache directory md-supplier (C:\Users\user\.gradle\caches\5.6.4\md-supplier)" [_thread_blocked, id=24924, stack(0x0000000021cd0000,0x0000000021dd0000)]
  0x000000002298b800 JavaThread "Cache worker for file hash cache (C:\Users\user\Desktop\show_me_the_town\DongKey2\.gradle\5.6.4\fileHashes)" [_thread_blocked, id=28820, stack(0x00000000213c0000,0x00000000214c0000)]
  0x000000002298a000 JavaThread "Thread-140" [_thread_blocked, id=28992, stack(0x000000001f920000,0x000000001fa20000)]
  0x0000000022982000 JavaThread "Stdin handler" [_thread_blocked, id=29416, stack(0x000000001f620000,0x000000001f720000)]
  0x0000000022983800 JavaThread "Asynchronous log dispatcher for DefaultDaemonConnection: socket connection from /127.0.0.1:49607 to /127.0.0.1:50121" [_thread_blocked, id=27980, stack(0x000000001c480000,0x000000001c580000)]
  0x0000000022982800 JavaThread "Daemon worker Thread 5" [_thread_blocked, id=27656, stack(0x000000001c380000,0x000000001c480000)]
  0x0000000022987000 JavaThread "Cancel handler" [_thread_blocked, id=29668, stack(0x0000000000c10000,0x0000000000d10000)]
  0x0000000022986800 JavaThread "Handler for socket connection from /127.0.0.1:49607 to /127.0.0.1:50121" [_thread_in_native, id=25292, stack(0x0000000000b10000,0x0000000000c10000)]
  0x0000000022984000 JavaThread "Daemon Thread 5" [_thread_blocked, id=7880, stack(0x0000000000a10000,0x0000000000b10000)]
  0x0000000022981000 JavaThread "Cache worker for Java compile cache (C:\Users\user\.gradle\caches\5.6.4\javaCompile)" [_thread_blocked, id=28200, stack(0x0000000029480000,0x0000000029580000)]
  0x0000000022989800 JavaThread "RMI Reaper" [_thread_blocked, id=18912, stack(0x0000000029780000,0x0000000029880000)]
  0x0000000022988800 JavaThread "RMI TCP Accept-0" daemon [_thread_in_native, id=23336, stack(0x0000000029680000,0x0000000029780000)]
  0x0000000022985000 JavaThread "GC Daemon" daemon [_thread_blocked, id=21320, stack(0x0000000029580000,0x0000000029680000)]
  0x0000000022988000 JavaThread "RMI Scheduler(0)" daemon [_thread_blocked, id=22156, stack(0x000000001c980000,0x000000001ca80000)]
  0x000000001bc43000 JavaThread "Cache worker for file content cache (C:\Users\user\.gradle\caches\5.6.4\fileContent)" [_thread_blocked, id=7916, stack(0x0000000028080000,0x0000000028180000)]
  0x000000001bc49000 JavaThread "Memory manager" [_thread_blocked, id=17896, stack(0x00000000257d0000,0x00000000258d0000)]
  0x000000001bc47000 JavaThread "Cache worker for execution history cache (C:\Users\user\.gradle\caches\5.6.4\executionHistory)" [_thread_blocked, id=9684, stack(0x00000000210c0000,0x00000000211c0000)]
  0x0000000019e14800 JavaThread "Cache worker for journal cache (C:\Users\user\.gradle\caches\journal-1)" [_thread_blocked, id=28620, stack(0x000000001d180000,0x000000001d280000)]
  0x0000000019e1a000 JavaThread "File lock request listener" [_thread_in_native, id=27420, stack(0x000000001d080000,0x000000001d180000)]
  0x0000000019e19000 JavaThread "Cache worker for file hash cache (C:\Users\user\.gradle\caches\5.6.4\fileHashes)" [_thread_blocked, id=13484, stack(0x000000001cf80000,0x000000001d080000)]
  0x000000001a68e000 JavaThread "Daemon periodic checks" [_thread_blocked, id=17144, stack(0x000000001c280000,0x000000001c380000)]
  0x000000001a68b800 JavaThread "Incoming local TCP Connector on port 49607" [_thread_in_native, id=26336, stack(0x000000001c0a0000,0x000000001c1a0000)]
  0x000000001afba000 JavaThread "Daemon health stats" [_thread_blocked, id=11532, stack(0x000000001bda0000,0x000000001bea0000)]
  0x000000001889f800 JavaThread "Service Thread" daemon [_thread_blocked, id=7452, stack(0x0000000019400000,0x0000000019500000)]
  0x000000001880f000 JavaThread "C1 CompilerThread3" daemon [_thread_blocked, id=4276, stack(0x0000000019300000,0x0000000019400000)]
=>0x000000001880b000 JavaThread "C2 CompilerThread2" daemon [_thread_in_native, id=21128, stack(0x0000000019200000,0x0000000019300000)]
  0x0000000016999000 JavaThread "C2 CompilerThread1" daemon [_thread_in_native, id=27120, stack(0x0000000019100000,0x0000000019200000)]
  0x00000000187b0000 JavaThread "C2 CompilerThread0" daemon [_thread_in_native, id=26476, stack(0x0000000019000000,0x0000000019100000)]
  0x00000000187aa800 JavaThread "Attach Listener" daemon [_thread_blocked, id=10652, stack(0x0000000018f00000,0x0000000019000000)]
  0x0000000018808000 JavaThread "Signal Dispatcher" daemon [_thread_blocked, id=25440, stack(0x0000000018e00000,0x0000000018f00000)]
  0x0000000002bce000 JavaThread "Finalizer" daemon [_thread_blocked, id=27600, stack(0x0000000018c70000,0x0000000018d70000)]
  0x0000000002bc5000 JavaThread "Reference Handler" daemon [_thread_blocked, id=22532, stack(0x0000000018b70000,0x0000000018c70000)]
  0x00000000029ce000 JavaThread "main" [_thread_blocked, id=17496, stack(0x00000000029d0000,0x0000000002ad0000)]

Other Threads:
  0x0000000016988000 VMThread [stack: 0x0000000018670000,0x0000000018770000] [id=14452]
  0x00000000188a0800 WatcherThread [stack: 0x0000000019500000,0x0000000019600000] [id=23896]

VM state:not at safepoint (normal execution)

VM Mutex/Monitor currently owned by a thread: None

heap address: 0x00000000a0000000, size: 1536 MB, Compressed Oops mode: 32-bit
Narrow klass base: 0x0000000000000000, Narrow klass shift: 3
Compressed class space size: 1073741824 Address: 0x0000000100000000

Heap:
 PSYoungGen      total 488448K, used 259031K [0x00000000e0000000, 0x0000000100000000, 0x0000000100000000)
  eden space 454144K, 49% used [0x00000000e0000000,0x00000000edb7a648,0x00000000fbb80000)
  from space 34304K, 99% used [0x00000000fbb80000,0x00000000fdcfb988,0x00000000fdd00000)
  to   space 35840K, 0% used [0x00000000fdd00000,0x00000000fdd00000,0x0000000100000000)
 ParOldGen       total 160768K, used 126388K [0x00000000a0000000, 0x00000000a9d00000, 0x00000000e0000000)
  object space 160768K, 78% used [0x00000000a0000000,0x00000000a7b6d080,0x00000000a9d00000)
 Metaspace       used 125725K, capacity 131092K, committed 134784K, reserved 1165312K
  class space    used 16254K, capacity 17284K, committed 18048K, reserved 1048576K

Card table byte_map: [0x0000000011f90000,0x00000000122a0000] byte_map_base: 0x0000000011a90000

Marking Bits: (ParMarkBitMap*) 0x0000000074049f30
 Begin Bits: [0x0000000012ca0000, 0x00000000144a0000)
 End Bits:   [0x00000000144a0000, 0x0000000015ca0000)

Polling page: 0x0000000000da0000

CodeCache: size=245760Kb used=67613Kb max_used=69502Kb free=178146Kb
 bounds [0x0000000002bd0000, 0x0000000007040000, 0x0000000011bd0000]
 total_blobs=19978 nmethods=19002 adapters=884
 compilation: enabled

Compilation events (10 events):
Event: 3148.505 Thread 0x0000000016999000 nmethod 25744 0x000000000506fe50 code [0x0000000005070080, 0x0000000005070b30]
Event: 3148.511 Thread 0x00000000187b0000 nmethod 25745 0x00000000064b1f50 code [0x00000000064b20e0, 0x00000000064b2638]
Event: 3148.512 Thread 0x000000001880f000 25746       3       com.android.ide.common.resources.ResourceFile::addExtraAttributes (33 bytes)
Event: 3148.513 Thread 0x000000001880f000 nmethod 25746 0x00000000056dd790 code [0x00000000056dd920, 0x00000000056ddd28]
Event: 3148.527 Thread 0x0000000016999000 25747       4       com.android.ide.common.resources.ResourceMergerItem::getDetailsXml (9 bytes)
Event: 3148.547 Thread 0x00000000187b0000 25748       4       com.sun.org.apache.xerces.internal.dom.DeferredTextImpl::synchronizeData (47 bytes)
Event: 3148.563 Thread 0x00000000187b0000 nmethod 25748 0x00000000064dfcd0 code [0x00000000064dfe40, 0x00000000064e0128]
Event: 3148.576 Thread 0x000000001880f000 25749       3       com.android.ide.common.resources.NodeUtils::getDocumentNamespaceAttributes (38 bytes)
Event: 3148.582 Thread 0x000000001880f000 nmethod 25749 0x0000000003df6350 code [0x0000000003df64e0, 0x0000000003df6868]
Event: 3148.582 Thread 0x000000001880f000 25750       3       com.android.ide.common.resources.NodeUtils::getPrefixForNs (71 bytes)

GC Heap History (10 events):
Event: 2937.916 GC heap before
{Heap before GC invocations=46 (full 5):
 PSYoungGen      total 458752K, used 442946K [0x00000000e0000000, 0x00000000fe600000, 0x0000000100000000)
  eden space 424960K, 100% used [0x00000000e0000000,0x00000000f9f00000,0x00000000f9f00000)
  from space 33792K, 53% used [0x00000000fc500000,0x00000000fd6909a8,0x00000000fe600000)
  to   space 36352K, 0% used [0x00000000f9f00000,0x00000000f9f00000,0x00000000fc280000)
 ParOldGen       total 160768K, used 81521K [0x00000000a0000000, 0x00000000a9d00000, 0x00000000e0000000)
  object space 160768K, 50% used [0x00000000a0000000,0x00000000a4f9c658,0x00000000a9d00000)
 Metaspace       used 125280K, capacity 130488K, committed 134784K, reserved 1165312K
  class space    used 16203K, capacity 17210K, committed 18048K, reserved 1048576K
Event: 2938.933 GC heap after
Heap after GC invocations=46 (full 5):
 PSYoungGen      total 461312K, used 18847K [0x00000000e0000000, 0x0000000100000000, 0x0000000100000000)
  eden space 424960K, 0% used [0x00000000e0000000,0x00000000e0000000,0x00000000f9f00000)
  from space 36352K, 51% used [0x00000000f9f00000,0x00000000fb167fb8,0x00000000fc280000)
  to   space 35328K, 0% used [0x00000000fdd80000,0x00000000fdd80000,0x0000000100000000)
 ParOldGen       total 160768K, used 94447K [0x00000000a0000000, 0x00000000a9d00000, 0x00000000e0000000)
  object space 160768K, 58% used [0x00000000a0000000,0x00000000a5c3be70,0x00000000a9d00000)
 Metaspace       used 125280K, capacity 130488K, committed 134784K, reserved 1165312K
  class space    used 16203K, capacity 17210K, committed 18048K, reserved 1048576K
}
Event: 2949.496 GC heap before
{Heap before GC invocations=47 (full 5):
 PSYoungGen      total 461312K, used 443807K [0x00000000e0000000, 0x0000000100000000, 0x0000000100000000)
  eden space 424960K, 100% used [0x00000000e0000000,0x00000000f9f00000,0x00000000f9f00000)
  from space 36352K, 51% used [0x00000000f9f00000,0x00000000fb167fb8,0x00000000fc280000)
  to   space 35328K, 0% used [0x00000000fdd80000,0x00000000fdd80000,0x0000000100000000)
 ParOldGen       total 160768K, used 94447K [0x00000000a0000000, 0x00000000a9d00000, 0x00000000e0000000)
  object space 160768K, 58% used [0x00000000a0000000,0x00000000a5c3be70,0x00000000a9d00000)
 Metaspace       used 125358K, capacity 130614K, committed 134784K, reserved 1165312K
  class space    used 16216K, capacity 17247K, committed 18048K, reserved 1048576K
Event: 2951.958 GC heap after
Heap after GC invocations=47 (full 5):
 PSYoungGen      total 486912K, used 7216K [0x00000000e0000000, 0x00000000fff00000, 0x0000000100000000)
  eden space 452608K, 0% used [0x00000000e0000000,0x00000000e0000000,0x00000000fba00000)
  from space 34304K, 21% used [0x00000000fdd80000,0x00000000fe48c1b8,0x00000000fff00000)
  to   space 35328K, 0% used [0x00000000fba00000,0x00000000fba00000,0x00000000fdc80000)
 ParOldGen       total 160768K, used 111715K [0x00000000a0000000, 0x00000000a9d00000, 0x00000000e0000000)
  object space 160768K, 69% used [0x00000000a0000000,0x00000000a6d18d98,0x00000000a9d00000)
 Metaspace       used 125358K, capacity 130614K, committed 134784K, reserved 1165312K
  class space    used 16216K, capacity 17247K, committed 18048K, reserved 1048576K
}
Event: 2965.413 GC heap before
{Heap before GC invocations=48 (full 5):
 PSYoungGen      total 486912K, used 459824K [0x00000000e0000000, 0x00000000fff00000, 0x0000000100000000)
  eden space 452608K, 100% used [0x00000000e0000000,0x00000000fba00000,0x00000000fba00000)
  from space 34304K, 21% used [0x00000000fdd80000,0x00000000fe48c1b8,0x00000000fff00000)
  to   space 35328K, 0% used [0x00000000fba00000,0x00000000fba00000,0x00000000fdc80000)
 ParOldGen       total 160768K, used 111715K [0x00000000a0000000, 0x00000000a9d00000, 0x00000000e0000000)
  object space 160768K, 69% used [0x00000000a0000000,0x00000000a6d18d98,0x00000000a9d00000)
 Metaspace       used 125390K, capacity 130618K, committed 134784K, reserved 1165312K
  class space    used 16216K, capacity 17247K, committed 18048K, reserved 1048576K
Event: 2967.128 GC heap after
Heap after GC invocations=48 (full 5):
 PSYoungGen      total 487936K, used 6977K [0x00000000e0000000, 0x0000000100000000, 0x0000000100000000)
  eden space 452608K, 0% used [0x00000000e0000000,0x00000000e0000000,0x00000000fba00000)
  from space 35328K, 19% used [0x00000000fba00000,0x00000000fc0d0640,0x00000000fdc80000)
  to   space 34816K, 0% used [0x00000000fde00000,0x00000000fde00000,0x0000000100000000)
 ParOldGen       total 160768K, used 115851K [0x00000000a0000000, 0x00000000a9d00000, 0x00000000e0000000)
  object space 160768K, 72% used [0x00000000a0000000,0x00000000a7122de8,0x00000000a9d00000)
 Metaspace       used 125390K, capacity 130618K, committed 134784K, reserved 1165312K
  class space    used 16216K, capacity 17247K, committed 18048K, reserved 1048576K
}
Event: 2974.204 GC heap before
{Heap before GC invocations=49 (full 5):
 PSYoungGen      total 487936K, used 459585K [0x00000000e0000000, 0x0000000100000000, 0x0000000100000000)
  eden space 452608K, 100% used [0x00000000e0000000,0x00000000fba00000,0x00000000fba00000)
  from space 35328K, 19% used [0x00000000fba00000,0x00000000fc0d0640,0x00000000fdc80000)
  to   space 34816K, 0% used [0x00000000fde00000,0x00000000fde00000,0x0000000100000000)
 ParOldGen       total 160768K, used 115851K [0x00000000a0000000, 0x00000000a9d00000, 0x00000000e0000000)
  object space 160768K, 72% used [0x00000000a0000000,0x00000000a7122de8,0x00000000a9d00000)
 Metaspace       used 125402K, capacity 130682K, committed 134784K, reserved 1165312K
  class space    used 16216K, capacity 17247K, committed 18048K, reserved 1048576K
Event: 2974.769 GC heap after
Heap after GC invocations=49 (full 5):
 PSYoungGen      total 487424K, used 6108K [0x00000000e0000000, 0x00000000ffe80000, 0x0000000100000000)
  eden space 454144K, 0% used [0x00000000e0000000,0x00000000e0000000,0x00000000fbb80000)
  from space 33280K, 18% used [0x00000000fde00000,0x00000000fe3f73a0,0x00000000ffe80000)
  to   space 34304K, 0% used [0x00000000fbb80000,0x00000000fbb80000,0x00000000fdd00000)
 ParOldGen       total 160768K, used 120640K [0x00000000a0000000, 0x00000000a9d00000, 0x00000000e0000000)
  object space 160768K, 75% used [0x00000000a0000000,0x00000000a75d0160,0x00000000a9d00000)
 Metaspace       used 125402K, capacity 130682K, committed 134784K, reserved 1165312K
  class space    used 16216K, capacity 17247K, committed 18048K, reserved 1048576K
}
Event: 2987.239 GC heap before
{Heap before GC invocations=50 (full 5):
 PSYoungGen      total 487424K, used 460252K [0x00000000e0000000, 0x00000000ffe80000, 0x0000000100000000)
  eden space 454144K, 100% used [0x00000000e0000000,0x00000000fbb80000,0x00000000fbb80000)
  from space 33280K, 18% used [0x00000000fde00000,0x00000000fe3f73a0,0x00000000ffe80000)
  to   space 34304K, 0% used [0x00000000fbb80000,0x00000000fbb80000,0x00000000fdd00000)
 ParOldGen       total 160768K, used 120640K [0x00000000a0000000, 0x00000000a9d00000, 0x00000000e0000000)
  object space 160768K, 75% used [0x00000000a0000000,0x00000000a75d0160,0x00000000a9d00000)
 Metaspace       used 125422K, capacity 130682K, committed 134784K, reserved 1165312K
  class space    used 16217K, capacity 17247K, committed 18048K, reserved 1048576K
Event: 2987.886 GC heap after
Heap after GC invocations=50 (full 5):
 PSYoungGen      total 488448K, used 34286K [0x00000000e0000000, 0x0000000100000000, 0x0000000100000000)
  eden space 454144K, 0% used [0x00000000e0000000,0x00000000e0000000,0x00000000fbb80000)
  from space 34304K, 99% used [0x00000000fbb80000,0x00000000fdcfb988,0x00000000fdd00000)
  to   space 35840K, 0% used [0x00000000fdd00000,0x00000000fdd00000,0x0000000100000000)
 ParOldGen       total 160768K, used 126388K [0x00000000a0000000, 0x00000000a9d00000, 0x00000000e0000000)
  object space 160768K, 78% used [0x00000000a0000000,0x00000000a7b6d080,0x00000000a9d00000)
 Metaspace       used 125422K, capacity 130682K, committed 134784K, reserved 1165312K
  class space    used 16217K, capacity 17247K, committed 18048K, reserved 1048576K
}

Deoptimization events (10 events):
Event: 3141.767 Thread 0x000000001ed71000 Uncommon trap: reason=class_check action=maybe_recompile pc=0x000000000589961c method=com.sun.org.apache.xerces.internal.dom.NamedNodeMapImpl.getNamedItemNS(Ljava/lang/String;Ljava/lang/String;)Lorg/w3c/dom/Node; @ 28
Event: 3141.767 Thread 0x000000001ed71000 Uncommon trap: reason=class_check action=maybe_recompile pc=0x000000000589961c method=com.sun.org.apache.xerces.internal.dom.NamedNodeMapImpl.getNamedItemNS(Ljava/lang/String;Ljava/lang/String;)Lorg/w3c/dom/Node; @ 28
Event: 3141.767 Thread 0x000000001ed71000 Uncommon trap: reason=class_check action=maybe_recompile pc=0x000000000589961c method=com.sun.org.apache.xerces.internal.dom.NamedNodeMapImpl.getNamedItemNS(Ljava/lang/String;Ljava/lang/String;)Lorg/w3c/dom/Node; @ 28
Event: 3141.767 Thread 0x000000001ed71000 Uncommon trap: reason=class_check action=maybe_recompile pc=0x000000000589961c method=com.sun.org.apache.xerces.internal.dom.NamedNodeMapImpl.getNamedItemNS(Ljava/lang/String;Ljava/lang/String;)Lorg/w3c/dom/Node; @ 28
Event: 3147.708 Thread 0x000000001ed71000 Uncommon trap: reason=unstable_if action=reinterpret pc=0x00000000045a696c method=com.google.gson.stream.JsonReader.nextQuotedValue(C)Ljava/lang/String; @ 96
Event: 3147.713 Thread 0x000000001ed71000 Uncommon trap: reason=unstable_if action=reinterpret pc=0x00000000054a6588 method=com.google.common.base.Objects.equal(Ljava/lang/Object;Ljava/lang/Object;)Z @ 14
Event: 3148.116 Thread 0x000000001ed71000 Uncommon trap: reason=unstable_if action=reinterpret pc=0x00000000053562e8 method=com.sun.org.apache.xerces.internal.dom.CharacterDataImpl.getNodeValue()Ljava/lang/String; @ 4
Event: 3148.175 Thread 0x000000001ed71000 Uncommon trap: reason=unstable_if action=reinterpret pc=0x00000000054fbca8 method=com.sun.org.apache.xerces.internal.dom.ElementNSImpl.getNamespaceURI()Ljava/lang/String; @ 4
Event: 3148.192 Thread 0x000000001ed71000 Uncommon trap: reason=unstable_if action=reinterpret pc=0x00000000051d10b8 method=com.sun.org.apache.xerces.internal.dom.DeferredDocumentImpl.getNodeValueString(IZ)Ljava/lang/String; @ 86
Event: 3148.386 Thread 0x000000001ed71000 Uncommon trap: reason=unstable_if action=reinterpret pc=0x0000000005e41514 method=com.sun.org.apache.xerces.internal.dom.DeferredDocumentImpl.getTypeInfo(I)Ljava/lang/Object; @ 24

Classes redefined (0 events):
No events

Internal exceptions (10 events):
Event: 2982.923 Thread 0x0000000020701800 Implicit null exception at 0x000000000681c13c to 0x0000000006821a71
Event: 2986.194 Thread 0x0000000020701800 Exception <a 'sun/nio/fs/WindowsException'> (0x00000000f7c67dd8) thrown at [D:\src\AOSP-openjdk-cygwin\jdk8u\hotspot\src\share\vm\prims\jni.cpp, line 710]
Event: 2986.953 Thread 0x000000001bc45800 Exception <a 'sun/nio/fs/WindowsException'> (0x00000000f8602a70) thrown at [D:\src\AOSP-openjdk-cygwin\jdk8u\hotspot\src\share\vm\prims\jni.cpp, line 710]
Event: 2990.965 Thread 0x000000001bc4f800 Exception <a 'sun/nio/fs/WindowsException'> (0x00000000e6807a30) thrown at [D:\src\AOSP-openjdk-cygwin\jdk8u\hotspot\src\share\vm\prims\jni.cpp, line 710]
Event: 2993.805 Thread 0x000000001bc45800 Exception <a 'sun/nio/fs/WindowsException'> (0x00000000e730aad8) thrown at [D:\src\AOSP-openjdk-cygwin\jdk8u\hotspot\src\share\vm\prims\jni.cpp, line 710]
Event: 2993.806 Thread 0x000000001bc45800 Exception <a 'sun/nio/fs/WindowsException'> (0x00000000e730af20) thrown at [D:\src\AOSP-openjdk-cygwin\jdk8u\hotspot\src\share\vm\prims\jni.cpp, line 710]
Event: 2997.128 Thread 0x000000001ed71800 Exception <a 'sun/nio/fs/WindowsException'> (0x00000000e81f68d0) thrown at [D:\src\AOSP-openjdk-cygwin\jdk8u\hotspot\src\share\vm\prims\jni.cpp, line 710]
Event: 3138.823 Thread 0x000000001ed71000 Exception <a 'java/lang/NoSuchMethodError': java.lang.Object.lambda$comparingByKey$bbdbfea9$1(Ljava/util/Map$Entry;Ljava/util/Map$Entry;)I> (0x00000000ecda9360) thrown at [D:\src\AOSP-openjdk-cygwin\jdk8u\hotspot\src\share\vm\interpreter\linkResolver.cpp,
Event: 3141.638 Thread 0x000000001ed71000 Implicit null exception at 0x00000000039bc85e to 0x00000000039bc9e1
Event: 3148.386 Thread 0x000000001ed71000 Implicit null exception at 0x0000000005e41483 to 0x0000000005e414f9

Events (10 events):
Event: 3148.193 Thread 0x00000000187b0000 flushing nmethod 0x0000000006dff450
Event: 3148.194 Thread 0x00000000187b0000 flushing nmethod 0x0000000006e00210
Event: 3148.194 Thread 0x00000000187b0000 flushing nmethod 0x0000000006e009d0
Event: 3148.199 Thread 0x00000000187b0000 flushing nmethod 0x0000000006e01810
Event: 3148.200 Thread 0x00000000187b0000 flushing nmethod 0x0000000006e0a6d0
Event: 3148.200 Thread 0x00000000187b0000 flushing nmethod 0x0000000006e0b350
Event: 3148.200 Thread 0x00000000187b0000 flushing nmethod 0x0000000006e0b7d0
Event: 3148.386 Thread 0x000000001ed71000 Uncommon trap: trap_request=0xffffff65 fr.pc=0x0000000005e41514
Event: 3148.386 Thread 0x000000001ed71000 DEOPT PACKING pc=0x0000000005e41514 sp=0x000000002867b180
Event: 3148.386 Thread 0x000000001ed71000 DEOPT UNPACKING pc=0x0000000002c1557b sp=0x000000002867b108 mode 2


Dynamic libraries:
0x00007ff73fd30000 - 0x00007ff73fd61000 	C:\Program Files\Android\Android Studio1\jre\bin\java.exe
0x00007ffbbcfc0000 - 0x00007ffbbd1b0000 	C:\Windows\SYSTEM32\ntdll.dll
0x00007ffbbb190000 - 0x00007ffbbb242000 	C:\Windows\System32\KERNEL32.DLL
0x00007ffbba170000 - 0x00007ffbba414000 	C:\Windows\System32\KERNELBASE.dll
0x00007ffbbcc50000 - 0x00007ffbbccf3000 	C:\Windows\System32\ADVAPI32.dll
0x00007ffbbb740000 - 0x00007ffbbb7de000 	C:\Windows\System32\msvcrt.dll
0x00007ffbbb070000 - 0x00007ffbbb107000 	C:\Windows\System32\sechost.dll
0x00007ffbbc6c0000 - 0x00007ffbbc7e0000 	C:\Windows\System32\RPCRT4.dll
0x00007ffbbc810000 - 0x00007ffbbc9a4000 	C:\Windows\System32\USER32.dll
0x00007ffbba420000 - 0x00007ffbba441000 	C:\Windows\System32\win32u.dll
0x00007ffbbc7e0000 - 0x00007ffbbc806000 	C:\Windows\System32\GDI32.dll
0x00007ffbba450000 - 0x00007ffbba5e4000 	C:\Windows\System32\gdi32full.dll
0x00007ffbba0d0000 - 0x00007ffbba16e000 	C:\Windows\System32\msvcp_win.dll
0x00007ffbb9fa0000 - 0x00007ffbba09a000 	C:\Windows\System32\ucrtbase.dll
0x00007ffba5c30000 - 0x00007ffba5eb4000 	C:\Windows\WinSxS\amd64_microsoft.windows.common-controls_6595b64144ccf1df_6.0.18362.836_none_e6c4b943130f18ed\COMCTL32.dll
0x00007ffbbb250000 - 0x00007ffbbb586000 	C:\Windows\System32\combase.dll
0x00007ffbba5f0000 - 0x00007ffbba670000 	C:\Windows\System32\bcryptPrimitives.dll
0x00007ffbbcb70000 - 0x00007ffbbcb9e000 	C:\Windows\System32\IMM32.DLL
0x00000000737a0000 - 0x0000000073872000 	C:\Program Files\Android\Android Studio1\jre\jre\bin\msvcr100.dll
0x0000000073880000 - 0x00000000740c6000 	C:\Program Files\Android\Android Studio1\jre\jre\bin\server\jvm.dll
0x00007ffbbcdd0000 - 0x00007ffbbcdd8000 	C:\Windows\System32\PSAPI.DLL
0x00007ffbb76f0000 - 0x00007ffbb7714000 	C:\Windows\SYSTEM32\WINMM.dll
0x00007ffbb3550000 - 0x00007ffbb355a000 	C:\Windows\SYSTEM32\VERSION.dll
0x00007ffbb26e0000 - 0x00007ffbb26e9000 	C:\Windows\SYSTEM32\WSOCK32.dll
0x00007ffbbc640000 - 0x00007ffbbc6af000 	C:\Windows\System32\WS2_32.dll
0x00007ffbb76c0000 - 0x00007ffbb76ed000 	C:\Windows\SYSTEM32\WINMMBASE.dll
0x00007ffbb9f50000 - 0x00007ffbb9f9a000 	C:\Windows\System32\cfgmgr32.dll
0x00007ffbb1400000 - 0x00007ffbb140f000 	C:\Program Files\Android\Android Studio1\jre\jre\bin\verify.dll
0x00007ffba6e30000 - 0x00007ffba6e59000 	C:\Program Files\Android\Android Studio1\jre\jre\bin\java.dll
0x00007ffbaf710000 - 0x00007ffbaf726000 	C:\Program Files\Android\Android Studio1\jre\jre\bin\zip.dll
0x00007ffbbb860000 - 0x00007ffbbbf44000 	C:\Windows\System32\SHELL32.dll
0x00007ffbbbfb0000 - 0x00007ffbbc059000 	C:\Windows\System32\shcore.dll
0x00007ffbba8d0000 - 0x00007ffbbb04e000 	C:\Windows\System32\windows.storage.dll
0x00007ffbb9eb0000 - 0x00007ffbb9ed3000 	C:\Windows\System32\profapi.dll
0x00007ffbb9f00000 - 0x00007ffbb9f4a000 	C:\Windows\System32\powrprof.dll
0x00007ffbb9e80000 - 0x00007ffbb9e90000 	C:\Windows\System32\UMPDC.dll
0x00007ffbbb110000 - 0x00007ffbbb162000 	C:\Windows\System32\shlwapi.dll
0x00007ffbb9ee0000 - 0x00007ffbb9ef1000 	C:\Windows\System32\kernel.appcore.dll
0x00007ffbbb050000 - 0x00007ffbbb067000 	C:\Windows\System32\cryptsp.dll
0x00007ffbaab30000 - 0x00007ffbaab4a000 	C:\Program Files\Android\Android Studio1\jre\jre\bin\net.dll
0x00007ffba9e40000 - 0x00007ffbaa016000 	C:\Windows\SYSTEM32\urlmon.dll
0x00007ffba97f0000 - 0x00007ffba9a96000 	C:\Windows\SYSTEM32\iertutil.dll
0x00007ffbb9860000 - 0x00007ffbb986c000 	C:\Windows\SYSTEM32\CRYPTBASE.DLL
0x00007ffbb9690000 - 0x00007ffbb96f7000 	C:\Windows\system32\mswsock.dll
0x00007ffba9db0000 - 0x00007ffba9dc3000 	C:\Program Files\Android\Android Studio1\jre\jre\bin\nio.dll
0x00007ffba5f70000 - 0x00007ffba5f96000 	C:\Users\user\.gradle\native\30\windows-amd64\native-platform.dll
0x00007ffbb0ab0000 - 0x00007ffbb0abd000 	C:\Program Files\Android\Android Studio1\jre\jre\bin\management.dll
0x00007ffbb9200000 - 0x00007ffbb9233000 	C:\Windows\system32\rsaenh.dll
0x00007ffbba0a0000 - 0x00007ffbba0c6000 	C:\Windows\System32\bcrypt.dll
0x00007ffbb9da0000 - 0x00007ffbb9dc5000 	C:\Windows\SYSTEM32\USERENV.dll
0x00007ffbb93a0000 - 0x00007ffbb93da000 	C:\Windows\SYSTEM32\IPHLPAPI.DLL
0x00007ffbbc630000 - 0x00007ffbbc638000 	C:\Windows\System32\NSI.dll
0x00007ffbb0830000 - 0x00007ffbb0846000 	C:\Windows\SYSTEM32\dhcpcsvc6.DLL
0x00007ffbb00c0000 - 0x00007ffbb00dc000 	C:\Windows\SYSTEM32\dhcpcsvc.DLL
0x00007ffbb93e0000 - 0x00007ffbb94ab000 	C:\Windows\SYSTEM32\DNSAPI.dll
0x00007ffba5fa0000 - 0x00007ffba5fc4000 	C:\Program Files\Android\Android Studio1\jre\jre\bin\sunec.dll
0x00007ffbb3560000 - 0x00007ffbb356a000 	C:\Windows\System32\rasadhlp.dll
0x00007ffbb3490000 - 0x00007ffbb3507000 	C:\Windows\System32\fwpuclnt.dll
0x00007ffbaf5d0000 - 0x00007ffbaf5db000 	C:\Program Files\Android\Android Studio1\jre\jre\bin\sunmscapi.dll
0x00007ffbba670000 - 0x00007ffbba7b9000 	C:\Windows\System32\CRYPT32.dll
0x00007ffbb9e90000 - 0x00007ffbb9ea2000 	C:\Windows\System32\MSASN1.dll
0x00007ffbb8ee0000 - 0x00007ffbb8f11000 	C:\Windows\SYSTEM32\ntmarta.dll
0x00007ffbb26a0000 - 0x00007ffbb26be000 	C:\Users\user\AppData\Local\Temp\native-platform3972194203244856541dir\native-platform.dll

VM Arguments:
jvm_args: -Xmx1536m -Dfile.encoding=x-windows-949 -Duser.country=KR -Duser.language=ko -Duser.variant 
java_command: org.gradle.launcher.daemon.bootstrap.GradleDaemon 5.6.4
java_class_path (initial): C:\Users\user\.gradle\wrapper\dists\gradle-5.6.4-all\ankdp27end7byghfw1q2sw75f\gradle-5.6.4\lib\gradle-launcher-5.6.4.jar
Launcher Type: SUN_STANDARD

Environment Variables:
JAVA_HOME=C:\Program Files\Java
PATH=C:\Program Files (x86)\Common Files\Oracle\Java\javapath;C:\Windows\system32;C:\Windows;C:\Windows\System32\Wbem;C:\Windows\System32\WindowsPowerShell\v1.0\;C:\Windows\System32\OpenSSH\;C:\Program Files\Git\cmd;C:\Program Files\PuTTY\;C:\Program Files\Java\jre1.8.0_251;C:\Users\user\AppData\Local\Programs\Python\Python38\Scripts\;C:\Users\user\AppData\Local\Programs\Python\Python38\;C:\Users\user\Anaconda3;C:\Users\user\Anaconda3\Library\mingw-w64\bin;C:\Users\user\Anaconda3\Library\usr\bin;C:\Users\user\Anaconda3\Library\bin;C:\Users\user\Anaconda3\Scripts;C:\Users\user\AppData\Local\Microsoft\WindowsApps;C:\Users\user\AppData\Local\Programs\Microsoft VS Code\bin;C:\Program Files\JetBrains\PyCharm Community Edition 2020.1.1\bin;;C:\Users\user\AppData\Local\Programs\MiKTeX 2.9\miktex\bin\x64\
USERNAME=user
OS=Windows_NT
PROCESSOR_IDENTIFIER=Intel64 Family 6 Model 142 Stepping 10, GenuineIntel



---------------  S Y S T E M  ---------------

OS: Windows 10.0 , 64 bit Build 18362 (10.0.18362.778)

CPU:total 8 (initial active 8) (4 cores per cpu, 2 threads per core) family 6 model 142 stepping 10, cmov, cx8, fxsr, mmx, sse, sse2, sse3, ssse3, sse4.1, sse4.2, popcnt, avx, avx2, aes, clmul, erms, 3dnowpref, lzcnt, ht, tsc, tscinvbit, bmi1, bmi2, adx

Memory: 4k page, physical 4023636k(182308k free), swap 16606548k(0k free)

vm_info: OpenJDK 64-Bit Server VM (25.212-b04) for windows-amd64 JRE (1.8.0_212-release-1586-b04), built by "builder" with MS VC++ 10.0 (VS2010)

time: Sat Aug 22 00:53:13 2020
timezone: 대한민국 표준시
elapsed time: 3148 seconds (0d 0h 52m 28s)

